Using pre-set license
Built from '2021.2/staging' branch; Version is '2021.2.12f1 (48b1aa000234) revision 4764074'; Using compiler version '192829333'; Build Type 'Release'
OS: 'Windows 10  (10.0.19045) 64bit Enterprise' Language: 'en' Physical Memory: 32493 MB
BatchMode: 1, IsHumanControllingUs: 0, StartBugReporterOnCrash: 0, Is64bit: 1, IsPro: 0

COMMAND LINE ARGUMENTS:
C:\Program Files\Unity\Hub\Editor\2021.2.12f1\Editor\Unity.exe
-adb2
-batchMode
-noUpm
-name
AssetImportWorker0
-projectPath
C:/Users/harmanj/Downloads/IGB400Assignment3/IGB388BaseProject_2024/IGB388BaseProject
-logFile
Logs/AssetImportWorker0.log
-srvPort
63455
Successfully changed project path to: C:/Users/harmanj/Downloads/IGB400Assignment3/IGB388BaseProject_2024/IGB388BaseProject
C:/Users/harmanj/Downloads/IGB400Assignment3/IGB388BaseProject_2024/IGB388BaseProject
[UnityMemory] Configuration Parameters - Can be set up in boot.config
    "memorysetup-bucket-allocator-granularity=16"
    "memorysetup-bucket-allocator-bucket-count=8"
    "memorysetup-bucket-allocator-block-size=33554432"
    "memorysetup-bucket-allocator-block-count=8"
    "memorysetup-main-allocator-block-size=16777216"
    "memorysetup-thread-allocator-block-size=16777216"
    "memorysetup-gfx-main-allocator-block-size=16777216"
    "memorysetup-gfx-thread-allocator-block-size=16777216"
    "memorysetup-cache-allocator-block-size=4194304"
    "memorysetup-typetree-allocator-block-size=2097152"
    "memorysetup-profiler-bucket-allocator-granularity=16"
    "memorysetup-profiler-bucket-allocator-bucket-count=8"
    "memorysetup-profiler-bucket-allocator-block-size=33554432"
    "memorysetup-profiler-bucket-allocator-block-count=8"
    "memorysetup-profiler-allocator-block-size=16777216"
    "memorysetup-profiler-editor-allocator-block-size=1048576"
    "memorysetup-temp-allocator-size-main=16777216"
    "memorysetup-job-temp-allocator-block-size=2097152"
    "memorysetup-job-temp-allocator-block-size-background=1048576"
    "memorysetup-job-temp-allocator-reduction-small-platforms=262144"
    "memorysetup-temp-allocator-size-background-worker=32768"
    "memorysetup-temp-allocator-size-job-worker=262144"
    "memorysetup-temp-allocator-size-preload-manager=33554432"
    "memorysetup-temp-allocator-size-nav-mesh-worker=65536"
    "memorysetup-temp-allocator-size-audio-worker=65536"
    "memorysetup-temp-allocator-size-cloud-worker=32768"
    "memorysetup-temp-allocator-size-gi-baking-worker=262144"
    "memorysetup-temp-allocator-size-gfx=262144"
Refreshing native plugins compatible for Editor in 102.83 ms, found 8 plugins.
Preloading 1 native plugins for Editor in 1.21 ms.
Initialize engine version: 2021.2.12f1 (48b1aa000234)
[Subsystems] Discovering subsystems at path C:/Program Files/Unity/Hub/Editor/2021.2.12f1/Editor/Data/Resources/UnitySubsystems
[Subsystems] Discovering subsystems at path C:/Users/harmanj/Downloads/IGB400Assignment3/IGB388BaseProject_2024/IGB388BaseProject/Assets
GfxDevice: creating device client; threaded=0; jobified=0
Direct3D:
    Version:  Direct3D 11.0 [level 11.1]
    Renderer: NVIDIA GeForce RTX 3090 (ID=0x2204)
    Vendor:   NVIDIA
    VRAM:     24340 MB
    Driver:   31.0.15.3623
Shader 'Oculus/OVRMRCameraFrameLit': fallback shader 'Alpha-Diffuse' not found
Initialize mono
Mono path[0] = 'C:/Program Files/Unity/Hub/Editor/2021.2.12f1/Editor/Data/Managed'
Mono path[1] = 'C:/Program Files/Unity/Hub/Editor/2021.2.12f1/Editor/Data/MonoBleedingEdge/lib/mono/unityjit-win32'
Mono config path = 'C:/Program Files/Unity/Hub/Editor/2021.2.12f1/Editor/Data/MonoBleedingEdge/etc'
Using monoOptions --debugger-agent=transport=dt_socket,embedding=1,server=y,suspend=n,address=127.0.0.1:56184
Begin MonoManager ReloadAssembly
Registering precompiled unity dll's ...
Register platform support module: C:/Program Files/Unity/Hub/Editor/2021.2.12f1/Editor/Data/PlaybackEngines/WindowsStandaloneSupport/UnityEditor.WindowsStandalone.Extensions.dll
Registered in 0.005653 seconds.
Native extension for WindowsStandalone target not found
Refreshing native plugins compatible for Editor in 117.89 ms, found 8 plugins.
Preloading 1 native plugins for Editor in 0.07 ms.
Mono: successfully reloaded assembly
- Completed reload, in  0.612 seconds
Domain Reload Profiling:
	ReloadAssembly (613ms)
		BeginReloadAssembly (65ms)
			ExecutionOrderSort (0ms)
			DisableScriptedObjects (0ms)
			BackupInstance (0ms)
			ReleaseScriptingObjects (0ms)
			CreateAndSetChildDomain (1ms)
		EndReloadAssembly (447ms)
			LoadAssemblies (64ms)
			RebuildTransferFunctionScriptingTraits (0ms)
			SetupTypeCache (96ms)
			ReleaseScriptCaches (0ms)
			RebuildScriptCaches (23ms)
			SetupLoadedEditorAssemblies (281ms)
				LogAssemblyErrors (0ms)
				InitializePlatformSupportModulesInManaged (9ms)
				SetLoadedEditorAssemblies (0ms)
				RefreshPlugins (118ms)
				BeforeProcessingInitializeOnLoad (1ms)
				ProcessInitializeOnLoadAttributes (111ms)
				ProcessInitializeOnLoadMethodAttributes (42ms)
				AfterProcessingInitializeOnLoad (0ms)
				EditorAssembliesLoaded (0ms)
			ExecutionOrderSort2 (0ms)
			AwakeInstancesAfterBackupRestoration (0ms)
Platform modules already initialized, skipping
Registering precompiled user dll's ...
Registered in 0.008963 seconds.
Begin MonoManager ReloadAssembly
Symbol file LoadedFromMemory doesn't match image C:\Users\harmanj\Downloads\IGB400Assignment3\IGB388BaseProject_2024\IGB388BaseProject\Library\PackageCache\com.unity.visualscripting@1.7.8\Editor\VisualScripting.Core\Dependencies\DotNetZip\Unity.VisualScripting.IonicZip.dll
Symbol file LoadedFromMemory doesn't match image C:\Users\harmanj\Downloads\IGB400Assignment3\IGB388BaseProject_2024\IGB388BaseProject\Library\PackageCache\com.unity.visualscripting@1.7.8\Editor\VisualScripting.Core\Dependencies\YamlDotNet\Unity.VisualScripting.YamlDotNet.dll
Native extension for WindowsStandalone target not found
Refreshing native plugins compatible for Editor in 1.05 ms, found 8 plugins.
Preloading 1 native plugins for Editor in 0.07 ms.
Package Manager log level set to [2]
[XR] OculusXRPlugin: registering subsystems
[XR] Unable to register display lifecyle provider: [1]
[XR] Oculus Input lifecycle provider registered.
[XR] Unable to register input lifecyle provider: [1]
[XR] OVRP version 1.82.0
Mono: successfully reloaded assembly
- Completed reload, in  1.171 seconds
Domain Reload Profiling:
	ReloadAssembly (1172ms)
		BeginReloadAssembly (126ms)
			ExecutionOrderSort (0ms)
			DisableScriptedObjects (6ms)
			BackupInstance (0ms)
			ReleaseScriptingObjects (0ms)
			CreateAndSetChildDomain (24ms)
		EndReloadAssembly (955ms)
			LoadAssemblies (110ms)
			RebuildTransferFunctionScriptingTraits (0ms)
			SetupTypeCache (269ms)
			ReleaseScriptCaches (1ms)
			RebuildScriptCaches (73ms)
			SetupLoadedEditorAssemblies (477ms)
				LogAssemblyErrors (0ms)
				InitializePlatformSupportModulesInManaged (12ms)
				SetLoadedEditorAssemblies (1ms)
				RefreshPlugins (1ms)
				BeforeProcessingInitializeOnLoad (82ms)
				ProcessInitializeOnLoadAttributes (350ms)
				ProcessInitializeOnLoadMethodAttributes (24ms)
				AfterProcessingInitializeOnLoad (7ms)
				EditorAssembliesLoaded (0ms)
			ExecutionOrderSort2 (0ms)
			AwakeInstancesAfterBackupRestoration (6ms)
Platform modules already initialized, skipping
========================================================================
Worker process is ready to serve import requests
Shader 'Oculus/OVRMRCameraFrameLit': fallback shader 'Alpha-Diffuse' not found
Launched and connected shader compiler UnityShaderCompiler.exe after 0.08 seconds
Refreshing native plugins compatible for Editor in 0.91 ms, found 8 plugins.
Preloading 1 native plugins for Editor in 0.06 ms.
Unloading 4849 Unused Serialized files (Serialized files now loaded: 0)
Unloading 55 unused Assets / (136.1 KB). Loaded Objects now: 5284.
Memory consumption went from 179.6 MB to 179.4 MB.
Total: 2.725400 ms (FindLiveObjects: 0.343900 ms CreateObjectMapping: 0.180800 ms MarkObjects: 2.078600 ms  DeleteObjects: 0.120900 ms)

AssetImportParameters requested are different than current active one (requested -> active):
  custom:video-decoder-ogg-theora: a1e56fd34408186e4bbccfd4996cb3dc -> 
  custom:container-muxer-webm: aa71ff27fc2769a1b78a27578f13a17b -> 
  custom:container-demuxer-webm: 4f35f7cbe854078d1ac9338744f61a02 -> 
  custom:video-encoder-webm-vp8: eb34c28f22e8b96e1ab97ce403110664 -> 
  custom:audio-encoder-webm-vorbis: bf7c407c2cedff20999df2af8eb42d56 -> 
  custom:framework-win-MediaFoundation: 216162199b28c13a410421893ffa2e32 -> 
  custom:container-demuxer-ogg: 62fdf1f143b41e24485cea50d1cbac27 -> 
  custom:video-decoder-webm-vp8: 9c59270c3fd7afecdb556c50c9e8de78 -> 
  custom:audio-decoder-ogg-vorbis: bf7c407c2cedff20999df2af8eb42d56 -> 
========================================================================
Received Import Request.
  Time since last request: 11502.526039 seconds.
  path: Assets/IGB388/Week 4
  artifactKey: Guid(93b11583b2066064a96c609de0fcc9b0) Importer(815301076,1909f56bfc062723c751e8b465ee728b)
Start importing Assets/IGB388/Week 4 using Guid(93b11583b2066064a96c609de0fcc9b0) Importer(815301076,1909f56bfc062723c751e8b465ee728b)  -> (artifact id: 'f9021a73021308915a253ba0590aea4c') in 0.012320 seconds 
========================================================================
Received Import Request.
  Time since last request: 0.000026 seconds.
  path: Assets/IGB388
  artifactKey: Guid(49318e262c71dd5499c135aa64ec8a35) Importer(815301076,1909f56bfc062723c751e8b465ee728b)
Start importing Assets/IGB388 using Guid(49318e262c71dd5499c135aa64ec8a35) Importer(815301076,1909f56bfc062723c751e8b465ee728b)  -> (artifact id: 'cd391c51fe671c5ffc6ecd200f3a46a3') in 0.002857 seconds 
========================================================================
Received Import Request.
  Time since last request: 0.000022 seconds.
  path: Assets/IGB388/Week 4/Week 4.unity
  artifactKey: Guid(b902a61295f62d1489109f9f12f699fb) Importer(815301076,1909f56bfc062723c751e8b465ee728b)
Start importing Assets/IGB388/Week 4/Week 4.unity using Guid(b902a61295f62d1489109f9f12f699fb) Importer(815301076,1909f56bfc062723c751e8b465ee728b)  -> (artifact id: '5e40a750bfb3a36a4559fdefd834cd21') in 0.008707 seconds 
========================================================================
Received Import Request.
  Time since last request: 7.686631 seconds.
  path: Assets/IGB388/Common/Environments
  artifactKey: Guid(7eec133bb9c2286489f3607d322dceca) Importer(815301076,1909f56bfc062723c751e8b465ee728b)
Start importing Assets/IGB388/Common/Environments using Guid(7eec133bb9c2286489f3607d322dceca) Importer(815301076,1909f56bfc062723c751e8b465ee728b)  -> (artifact id: '5d553571d2f32526b76764a5ebfe4815') in 0.002625 seconds 
========================================================================
Received Import Request.
  Time since last request: 0.166565 seconds.
  path: Assets/IGB388/Common/Prefabs
  artifactKey: Guid(12302377780bb4945a5407c01fef149e) Importer(815301076,1909f56bfc062723c751e8b465ee728b)
Start importing Assets/IGB388/Common/Prefabs using Guid(12302377780bb4945a5407c01fef149e) Importer(815301076,1909f56bfc062723c751e8b465ee728b)  -> (artifact id: 'c21f61d45b30b7946d3bec7b230ac5da') in 0.002522 seconds 
========================================================================
Received Import Request.
  Time since last request: 0.148880 seconds.
  path: Assets/IGB388/Common/QuickOutline
  artifactKey: Guid(ddd0fe52d108d1d4e8c629d01aecd5a9) Importer(815301076,1909f56bfc062723c751e8b465ee728b)
Start importing Assets/IGB388/Common/QuickOutline using Guid(ddd0fe52d108d1d4e8c629d01aecd5a9) Importer(815301076,1909f56bfc062723c751e8b465ee728b)  -> (artifact id: '00266bc2cf7aa8dbf7c4e0f2a4e477c3') in 0.002741 seconds 
========================================================================
Received Import Request.
  Time since last request: 1.089319 seconds.
  path: Assets/IGB388/Common/Prefabs/Grabbing
  artifactKey: Guid(e42735564d897654bbd58c79a9ca0b7b) Importer(815301076,1909f56bfc062723c751e8b465ee728b)
Start importing Assets/IGB388/Common/Prefabs/Grabbing using Guid(e42735564d897654bbd58c79a9ca0b7b) Importer(815301076,1909f56bfc062723c751e8b465ee728b)  -> (artifact id: '0b14166fedb78b9812d783a65a222abc') in 0.002677 seconds 
========================================================================
Received Import Request.
  Time since last request: 0.159094 seconds.
  path: Assets/IGB388/Common/Prefabs/Player Controllers
  artifactKey: Guid(3e7ff01b63984524cab244ebf2c7ae6d) Importer(815301076,1909f56bfc062723c751e8b465ee728b)
Start importing Assets/IGB388/Common/Prefabs/Player Controllers using Guid(3e7ff01b63984524cab244ebf2c7ae6d) Importer(815301076,1909f56bfc062723c751e8b465ee728b)  -> (artifact id: '70e260b6c5a72e7c40040b4b12fd2a4b') in 0.002573 seconds 
========================================================================
Received Import Request.
  Time since last request: 0.149519 seconds.
  path: Assets/IGB388/Common/Prefabs/Teleportation
  artifactKey: Guid(e2993a382c398e349bcffaa568338408) Importer(815301076,1909f56bfc062723c751e8b465ee728b)
Start importing Assets/IGB388/Common/Prefabs/Teleportation using Guid(e2993a382c398e349bcffaa568338408) Importer(815301076,1909f56bfc062723c751e8b465ee728b)  -> (artifact id: 'ae867ac0ef9a324a2d5e537ab90b2184') in 0.002505 seconds 
========================================================================
Received Import Request.
  Time since last request: 1.934443 seconds.
  path: Assets/IGB388/Common/Prefabs/Player Controllers/PlayerControllerWithTeleport.prefab
  artifactKey: Guid(4d75f678a75154d4b91d5de1e39214ed) Importer(815301076,1909f56bfc062723c751e8b465ee728b)
Start importing Assets/IGB388/Common/Prefabs/Player Controllers/PlayerControllerWithTeleport.prefab using Guid(4d75f678a75154d4b91d5de1e39214ed) Importer(815301076,1909f56bfc062723c751e8b465ee728b)  -> (artifact id: 'a19d01f46b1872b13c00cf08365a9afa') in 0.344822 seconds 
========================================================================
Received Import Request.
  Time since last request: 25.302908 seconds.
  path: Assets/IGB388/Common/Prefabs/Player Controllers/PlayerControllerWithTeleport.prefab
  artifactKey: Guid(4d75f678a75154d4b91d5de1e39214ed) Importer(815301076,1909f56bfc062723c751e8b465ee728b)
Start importing Assets/IGB388/Common/Prefabs/Player Controllers/PlayerControllerWithTeleport.prefab using Guid(4d75f678a75154d4b91d5de1e39214ed) Importer(815301076,1909f56bfc062723c751e8b465ee728b)  -> (artifact id: '00de52025d5f6474a41c2a8da9b4053a') in 0.039846 seconds 
========================================================================
Received Import Request.
  Time since last request: 12.990678 seconds.
  path: Assets
  artifactKey: Guid(00000000000000001000000000000000) Importer(815301076,1909f56bfc062723c751e8b465ee728b)
Start importing Assets using Guid(00000000000000001000000000000000) Importer(815301076,1909f56bfc062723c751e8b465ee728b)  -> (artifact id: '79842766b460edbeab6a34051e857a80') in 0.002587 seconds 
